<?xml version="1.0" encoding="UTF-8"?>
<!-- Generated by org.testng.reporters.JUnitReportReporter -->
<testsuite skipped="0" hostname="Abbss-MacBook-Pro.local" name="AppTest" tests="1" failures="0" timestamp="25 Oct 2018 03:50:44 GMT" time="0.000" errors="1">
  <testcase name="shouldAnswerWithTrue" time="0.000" classname="AppTest">
    <error type="org.testng.TestNGException" message="
Parameter &#039;yo&#039; is required by @Test on method shouldAnswerWithTrue but has not been marked @Optional or defined
in /Users/umerabbs/Documents/workspace/TestingTestNG/Parallel_testng.xml">
      <![CDATA[org.testng.TestNGException: 
Parameter 'yo' is required by @Test on method shouldAnswerWithTrue but has not been marked @Optional or defined
in /Users/umerabbs/Documents/workspace/TestingTestNG/Parallel_testng.xml
at org.testng.internal.Parameters.createParams(Parameters.java:290)
at org.testng.internal.Parameters.createParametersForMethod(Parameters.java:359)
at org.testng.internal.Parameters.createParameters(Parameters.java:620)
at org.testng.internal.Parameters.handleParameters(Parameters.java:769)
at org.testng.internal.ParameterHandler.handleParameters(ParameterHandler.java:49)
at org.testng.internal.ParameterHandler.createParameters(ParameterHandler.java:37)
at org.testng.internal.Invoker.invokeTestMethods(Invoker.java:923)
at org.testng.internal.TestMethodWorker.invokeTestMethods(TestMethodWorker.java:125)
at org.testng.internal.TestMethodWorker.run(TestMethodWorker.java:109)
at java.util.concurrent.ThreadPoolExecutor.runWorker(ThreadPoolExecutor.java:1149)
at java.util.concurrent.ThreadPoolExecutor$Worker.run(ThreadPoolExecutor.java:624)
at java.lang.Thread.run(Thread.java:748)
]]>
    </error>
  </testcase> <!-- shouldAnswerWithTrue -->
</testsuite> <!-- AppTest -->
